------------------------------------------------------------
Root project 'sample-all_build.sample'
------------------------------------------------------------

compileClasspath - Compile classpath for source set 'main'.
+--- aopalliance:aopalliance:1.0 -> org.springframework:spring-aop:5.3.23
|    +--- org.springframework:spring-beans:5.3.23
|    |    \--- org.springframework:spring-core:5.3.23
|    |         \--- org.springframework:spring-jcl:5.3.23
|    \--- org.springframework:spring-core:5.3.23 (*)
+--- asm:asm:3.3.1 -> org.ow2.asm:asm:9.2
+--- c3p0:c3p0:0.9.1.2 -> com.mchange:c3p0:0.9.5.5
|    \--- com.mchange:mchange-commons-java:0.2.19
+--- cglib:cglib-nodep:3.2.12 -> cglib:cglib:3.3.0
|    \--- org.ow2.asm:asm:7.1 -> 9.2
+--- cglib:cglib:3.3.0 (*)
+--- com.google.collections:google-collections:1.0 -> com.google.guava:guava:31.1-jre
|    +--- com.google.guava:failureaccess:1.0.1
|    +--- com.google.code.findbugs:jsr305:3.0.2
|    +--- org.checkerframework:checker-qual:3.12.0
|    +--- com.google.errorprone:error_prone_annotations:2.11.0
|    \--- com.google.j2objc:j2objc-annotations:1.3
+--- com.google.guava:guava-jdk5:17.0 -> com.google.guava:guava:31.1-jre (*)
+--- com.google.guava:guava:31.1-jre (*)
+--- com.google.guava:listenablefuture:1.0 -> com.google.guava:guava:31.1-jre (*)
+--- com.intellij:annotations:12.0 -> org.jetbrains:annotations:24.0.0
+--- com.jwebmp:javax.inject:1.1
+--- com.mchange:c3p0:0.9.5.5 (*)
+--- com.sun.mail:javax.mail:1.6.2 -> org.apache.geronimo.javamail:geronimo-javamail_1.4_mail:1.8.4
+--- com.vividsolutions:jts-core:1.14.0 -> org.locationtech.jts:jts-core:1.19.0
+--- com.vividsolutions:jts:1.13 -> org.locationtech.jts:jts-core:1.19.0
+--- com.zaxxer:HikariCP-java6:2.3.9 -> com.zaxxer:HikariCP:5.0.1
|    \--- org.slf4j:slf4j-api:1.7.30
+--- com.zaxxer:HikariCP-java7:2.4.9 -> com.zaxxer:HikariCP:5.0.1 (*)
+--- com.zaxxer:HikariCP:5.0.1 (*)
+--- commons-io:commons-io:2.11.0
+--- dom4j:dom4j:1.6.1 -> org.dom4j:dom4j:2.1.3
+--- jakarta.activation:jakarta.activation-api:{strictly 2.0.0} -> com.sun.activation:jakarta.activation:2.0.1
+--- jakarta.annotation:jakarta.annotation-api:2.1.0 -> org.apache.tomcat:tomcat-annotations-api:10.1.1
+--- jakarta.ejb:jakarta.ejb-api:4.0.0
|    \--- jakarta.transaction:jakarta.transaction-api:2.0.0
+--- jakarta.el:jakarta.el-api:4.0.0
+--- jakarta.inject:jakarta.inject-api:1.0.5 -> com.jwebmp:javax.inject:1.1
+--- jakarta.json:jakarta.json-api:1.1.6
+--- jakarta.jws:jakarta.jws-api:3.0.0
+--- jakarta.persistence:jakarta.persistence-api:3.0.0
+--- jakarta.servlet.jsp.jstl:jakarta.servlet.jsp.jstl-api:1.2.7
+--- jakarta.servlet.jsp:jakarta.servlet.jsp-api:2.3.6
+--- jakarta.validation:jakarta.validation-api:2.0.1 -> javax.validation:validation-api:2.0.1.Final
+--- jakarta.websocket:jakarta.websocket-api:2.1.0 -> org.apache.tomcat:tomcat-websocket:10.1.1
|    +--- org.apache.tomcat:tomcat-servlet-api:10.1.1
|    +--- org.apache.tomcat:tomcat-websocket-api:10.1.1 -> org.apache.tomcat:tomcat-websocket:10.1.1 (*)
|    +--- org.apache.tomcat:tomcat-juli:10.1.1
|    \--- org.apache.tomcat:tomcat-util:10.1.1
|         \--- org.apache.tomcat:tomcat-juli:10.1.1
+--- jakarta.websocket:jakarta.websocket-client-api:2.1.0 -> org.apache.tomcat:tomcat-websocket:10.1.1 (*)
+--- jakarta.ws.rs:jakarta.ws.rs-api:3.0.0
+--- jakarta.xml.bind:jakarta.xml.bind-api:3.0.1
|    \--- com.sun.activation:jakarta.activation:2.0.1
+--- jakarta.xml.soap:jakarta.xml.soap-api:2.0.1
|    \--- com.sun.activation:jakarta.activation:2.0.1
+--- jakarta.xml.ws:jakarta.xml.ws-api:3.0.1
|    +--- jakarta.xml.bind:jakarta.xml.bind-api:3.0.1 (*)
|    +--- jakarta.xml.soap:jakarta.xml.soap-api:2.0.1 (*)
|    \--- jakarta.jws:jakarta.jws-api:3.0.0
+--- javassist:javassist:3.12.1.GA -> org.javassist:javassist:3.29.1-GA
+--- javax.annotation:javax.annotation-api:1.3.2
+--- javax.annotation:jsr250-api:1.0 -> javax.annotation:javax.annotation-api:1.3.2
+--- javax.ejb:ejb-api:3.0 -> javax.ejb:javax.ejb-api:3.2.2
|    \--- javax.transaction:javax.transaction-api:1.3
+--- javax.ejb:ejb:2.1 -> javax.ejb:javax.ejb-api:3.2.2 (*)
+--- javax.ejb:javax.ejb-api:3.2.2 (*)
+--- javax.el:el-api:2.2 -> javax.el:javax.el-api:3.0.0
+--- javax.el:javax.el-api:3.0.0
+--- javax.inject:javax.inject:1 -> com.jwebmp:javax.inject:1.1
+--- javax.json:javax.json-api:1.1.4 -> jakarta.json:jakarta.json-api:1.1.6
+--- javax.jws:javax.jws-api:1.1
+--- javax.mail:mail:1.4.7 -> org.apache.geronimo.javamail:geronimo-javamail_1.4_mail:1.8.4
+--- javax.persistence:javax.persistence-api:2.2
+--- javax.servlet.jsp.jstl:javax.servlet.jsp.jstl-api:1.2.2 -> jakarta.servlet.jsp.jstl:jakarta.servlet.jsp.jstl-api:1.2.7
+--- javax.servlet.jsp.jstl:jstl-api:1.2 -> jakarta.servlet.jsp.jstl:jakarta.servlet.jsp.jstl-api:1.2.7
+--- javax.servlet.jsp:javax.servlet.jsp-api:2.3.3 -> jakarta.servlet.jsp:jakarta.servlet.jsp-api:2.3.6
+--- javax.servlet.jsp:jsp-api:2.2 -> jakarta.servlet.jsp:jakarta.servlet.jsp-api:2.3.6
+--- javax.servlet:javax.servlet-api:4.0.1 -> org.apache.tomcat:servlet-api:6.0.53
+--- javax.servlet:jsp-api:2.0 -> jakarta.servlet.jsp:jakarta.servlet.jsp-api:2.3.6
+--- javax.servlet:jstl:1.2 -> jakarta.servlet.jsp.jstl:jakarta.servlet.jsp.jstl-api:1.2.7
+--- javax.servlet:servlet-api:2.5 -> org.apache.tomcat:servlet-api:6.0.53
+--- javax.validation:validation-api:2.0.1.Final
+--- javax.websocket:javax.websocket-api:1.1 -> org.eclipse.jetty.toolchain:jetty-javax-websocket-api:1.1.2
+--- javax.websocket:javax.websocket-client-api:1.0 -> org.eclipse.jetty.toolchain:jetty-javax-websocket-api:1.1.2
+--- javax.ws.rs:javax.ws.rs-api:2.1.1
+--- javax.ws.rs:jsr311-api:1.1.1 -> javax.ws.rs:javax.ws.rs-api:2.1.1
+--- javax.xml.bind:jaxb-api:2.3.1
+--- javax.xml.soap:javax.xml.soap-api:1.4.0
+--- javax.xml.ws:jaxws-api:2.3.1
|    +--- javax.xml.bind:jaxb-api:2.3.1
|    +--- javax.xml.soap:javax.xml.soap-api:1.4.0
|    \--- javax.annotation:javax.annotation-api:1.3.2
+--- jboss:javassist:3.8.0.GA -> org.javassist:javassist:3.29.1-GA
+--- junit:junit-dep:4.8 -> junit:junit:4.12
|    \--- org.hamcrest:hamcrest-core:1.3 -> org.hamcrest:hamcrest:2.2
+--- junit:junit:4.12 (*)
+--- net.java.dev.jna:jna-platform:5.10.0
|    \--- net.java.dev.jna:jna:5.10.0
+--- net.java.dev.jna:platform:3.4.0 -> net.java.dev.jna:jna-platform:5.10.0 (*)
+--- org.apache.commons:commons-io:1.3.2 -> commons-io:commons-io:2.11.0
+--- org.apache.geronimo.javamail:geronimo-javamail_1.3.1_mail:1.1 -> org.apache.geronimo.javamail:geronimo-javamail_1.4_mail:1.8.4
+--- org.apache.geronimo.javamail:geronimo-javamail_1.3.1_provider:1.1 -> org.apache.geronimo.javamail:geronimo-javamail_1.4_mail:1.8.4
+--- org.apache.geronimo.javamail:geronimo-javamail_1.4_mail:1.8.4
+--- org.apache.geronimo.javamail:geronimo-javamail_1.4_provider:1.8.3 -> org.apache.geronimo.javamail:geronimo-javamail_1.4_mail:1.8.4
+--- org.apache.geronimo.javamail:geronimo-javamail_1.6_mail:1.0.1 -> org.apache.geronimo.javamail:geronimo-javamail_1.4_mail:1.8.4
+--- org.apache.geronimo.javamail:geronimo-javamail_1.6_provider:1.0.1 -> org.apache.geronimo.javamail:geronimo-javamail_1.4_mail:1.8.4
+--- org.apache.tomcat.embed:tomcat-embed-websocket:10.1.0 -> org.apache.tomcat:tomcat-websocket:10.1.1 (*)
+--- org.apache.tomcat:servlet-api:6.0.53
+--- org.apache.tomcat:tomcat-annotations-api:10.1.1
+--- org.apache.tomcat:tomcat-websocket-api:10.1.0 -> org.apache.tomcat:tomcat-websocket:10.1.1 (*)
+--- org.apache.tomcat:tomcat-websocket-client-api:10.1.0 -> org.apache.tomcat:tomcat-websocket:10.1.1 (*)
+--- org.apache.tomcat:tomcat-websocket:10.1.1 (*)
+--- org.apache.velocity:velocity-engine-core:2.3
|    +--- org.apache.commons:commons-lang3:3.11
|    \--- org.slf4j:slf4j-api:1.7.30
+--- org.apache.velocity:velocity:1.7 -> org.apache.velocity:velocity-engine-core:2.3 (*)
+--- org.bouncycastle:bcpg-jdk12:130
|    \--- org.bouncycastle:bcprov-jdk12:130
+--- org.bouncycastle:bcpg-jdk14:1.70 -> org.bouncycastle:bcpg-jdk12:130 (*)
+--- org.bouncycastle:bcpg-jdk15+:1.46 -> org.bouncycastle:bcpg-jdk12:130 (*)
+--- org.bouncycastle:bcpg-jdk15:1.46 -> org.bouncycastle:bcpg-jdk12:130 (*)
+--- org.bouncycastle:bcpg-jdk15on:1.70 -> org.bouncycastle:bcpg-jdk12:130 (*)
+--- org.bouncycastle:bcpg-jdk15to18:1.70 -> org.bouncycastle:bcpg-jdk12:130 (*)
+--- org.bouncycastle:bcpg-jdk16:1.46 -> org.bouncycastle:bcpg-jdk12:130 (*)
+--- org.bouncycastle:bcpg-jdk18on:1.72 -> org.bouncycastle:bcpg-jdk12:130 (*)
+--- org.bouncycastle:bcpkix-jdk14:1.70 -> org.bouncycastle:bcpkix-jdk18on:1.72
|    +--- org.bouncycastle:bcprov-jdk18on:1.72 -> org.bouncycastle:bcprov-jdk12:130
|    \--- org.bouncycastle:bcutil-jdk18on:1.72
|         \--- org.bouncycastle:bcprov-jdk18on:1.72 -> org.bouncycastle:bcprov-jdk12:130
+--- org.bouncycastle:bcpkix-jdk15on:1.70 -> org.bouncycastle:bcpkix-jdk18on:1.72 (*)
+--- org.bouncycastle:bcpkix-jdk15to18:1.70 -> org.bouncycastle:bcpkix-jdk18on:1.72 (*)
+--- org.bouncycastle:bcpkix-jdk18on:1.72 (*)
+--- org.bouncycastle:bctls-fips:1.0.9 -> org.bouncycastle:bctls-jdk18on:1.72
|    +--- org.bouncycastle:bcprov-jdk18on:1.72 -> org.bouncycastle:bcprov-jdk12:130
|    \--- org.bouncycastle:bcutil-jdk18on:1.72 (*)
+--- org.bouncycastle:bctls-jdk14:1.70 -> org.bouncycastle:bctls-jdk18on:1.72 (*)
+--- org.bouncycastle:bctls-jdk15on:1.69 -> org.bouncycastle:bctls-jdk18on:1.72 (*)
+--- org.bouncycastle:bctls-jdk15to18:1.70 -> org.bouncycastle:bctls-jdk18on:1.72 (*)
+--- org.bouncycastle:bctls-jdk18on:1.72 (*)
+--- org.bouncycastle:bctsp-jdk14:1.45 -> org.bouncycastle:bctsp-jdk15on:1.46
|    +--- org.bouncycastle:bcprov-jdk15on:1.46 -> org.bouncycastle:bcprov-jdk12:130
|    \--- org.bouncycastle:bcmail-jdk15on:1.46 -> org.bouncycastle:bcmail-jdk15+:1.46
|         \--- org.bouncycastle:bcprov-jdk15+:1.46 -> org.bouncycastle:bcprov-jdk12:130
+--- org.bouncycastle:bctsp-jdk15+:1.46 -> org.bouncycastle:bctsp-jdk15on:1.46 (*)
+--- org.bouncycastle:bctsp-jdk15:1.45 -> org.bouncycastle:bctsp-jdk15on:1.46 (*)
+--- org.bouncycastle:bctsp-jdk15on:1.46 (*)
+--- org.bouncycastle:bctsp-jdk16:1.45 -> org.bouncycastle:bctsp-jdk15on:1.46 (*)
+--- org.bouncycastle:bcutil-jdk14:1.70 -> org.bouncycastle:bcutil-jdk18on:1.72 (*)
+--- org.bouncycastle:bcutil-jdk15on:1.70 -> org.bouncycastle:bcutil-jdk18on:1.72 (*)
+--- org.bouncycastle:bcutil-jdk15to18:1.70 -> org.bouncycastle:bcutil-jdk18on:1.72 (*)
+--- org.bouncycastle:bcutil-jdk18on:1.72 (*)
+--- org.codehaus.woodstox:woodstox-core-asl:4.4.1
|    +--- javax.xml.stream:stax-api:1.0-2 -> org.codehaus.woodstox:stax2-api:4.2.1
|    \--- org.codehaus.woodstox:stax2-api:3.1.4 -> 4.2.1
+--- org.codehaus.woodstox:woodstox-core-lgpl:4.4.0 -> org.codehaus.woodstox:woodstox-core-asl:4.4.1 (*)
+--- org.codehaus.woodstox:wstx-asl:4.0.6 -> org.codehaus.woodstox:woodstox-core-asl:4.4.1 (*)
+--- org.codehaus.woodstox:wstx-lgpl:3.2.9 -> org.codehaus.woodstox:woodstox-core-asl:4.4.1 (*)
+--- org.dom4j:dom4j:2.1.3
+--- org.eclipse.angus:angus-activation:1.1.0 -> com.sun.activation:jakarta.activation:2.0.1
+--- org.eclipse.angus:jakarta.mail:1.0.0 -> jakarta.mail:jakarta.mail-api:2.1.0
|    \--- jakarta.activation:jakarta.activation-api:2.1.0 -> com.sun.activation:jakarta.activation:2.0.1
+--- org.eclipse.jetty.toolchain:jetty-jakarta-servlet-api:5.0.2 -> org.apache.tomcat:tomcat-servlet-api:10.1.1
+--- org.eclipse.jetty.toolchain:jetty-jakarta-websocket-api:2.0.0 -> org.apache.tomcat:tomcat-websocket:10.1.1 (*)
+--- org.eclipse.jetty.toolchain:jetty-javax-websocket-api:1.1.2
+--- org.glassfish:jakarta.json:1.1.5 -> jakarta.json:jakarta.json-api:1.1.6
+--- org.glassfish:javax.json:1.1.4 -> jakarta.json:jakarta.json-api:1.1.6
+--- org.hamcrest:hamcrest-core:2.2 -> org.hamcrest:hamcrest:2.2
+--- org.hamcrest:hamcrest-library:2.2 -> org.hamcrest:hamcrest:2.2
+--- org.hamcrest:hamcrest:2.2
+--- org.hibernate.javax.persistence:hibernate-jpa-2.0-api:1.0.1.Final -> javax.persistence:javax.persistence-api:2.2
+--- org.hibernate.javax.persistence:hibernate-jpa-2.1-api:1.0.2.Final -> javax.persistence:javax.persistence-api:2.2
+--- org.hibernate.javax.persistence:hibernate-jpa-2.2-api:1.0.0.Beta2 -> javax.persistence:javax.persistence-api:2.2
+--- org.javassist:javassist:3.29.1-GA
+--- org.jboss.resteasy:jaxrs-api:2.0.0.GA -> javax.ws.rs:javax.ws.rs-api:2.1.1
+--- org.jboss.spec.javax.ws.rs:jboss-jaxrs-api_1.1_spec:1.0.1.Final -> javax.ws.rs:javax.ws.rs-api:2.1.1
+--- org.jboss.spec.javax.ws.rs:jboss-jaxrs-api_2.0_spec:1.0.1.Final -> javax.ws.rs:javax.ws.rs-api:2.1.1
+--- org.jboss.spec.javax.ws.rs:jboss-jaxrs-api_2.1_spec:2.0.2.Final -> javax.ws.rs:javax.ws.rs-api:2.1.1
+--- org.jboss.spec.javax.ws.rs:jboss-jaxrs-api_3.0_spec:1.0.1.Final -> jakarta.ws.rs:jakarta.ws.rs-api:3.0.0
+--- org.jetbrains:annotations:24.0.0
+--- org.locationtech.jts:jts-core:1.19.0
+--- org.ow2.asm:asm:9.2
+--- org.postgresql:postgresql:42.5.0
+--- org.springframework:spring-aop:5.3.23 (*)
+--- postgresql:postgresql:9.1-901-1.jdbc4 -> org.postgresql:postgresql:42.5.0
+--- servletapi:servletapi:2.4 -> org.apache.tomcat:servlet-api:6.0.53
+--- velocity:velocity:1.4 -> org.apache.velocity:velocity-engine-core:2.3 (*)
+--- woodstox:wstx-asl:2.9.3 -> org.codehaus.woodstox:woodstox-core-asl:4.4.1 (*)
+--- com.sun.activation:jakarta.activation:2.0.1
+--- org.bouncycastle:bc-fips-debug:1.0.2.3 -> org.bouncycastle:bcprov-jdk12:130
+--- org.bouncycastle:bc-fips:1.0.2.3 -> org.bouncycastle:bcprov-jdk12:130
+--- org.bouncycastle:bcpg-fips:1.0.6 -> org.bouncycastle:bcpg-jdk12:130 (*)
\--- org.bouncycastle:bcpkix-fips:1.0.7 -> org.bouncycastle:bcpkix-jdk18on:1.72 (*)

(*) - Indicates repeated occurrences of a transitive dependency subtree. Gradle expands transitive dependency subtrees only once per project; repeat occurrences only display the root of the subtree, followed by this annotation.

A web-based, searchable dependency report is available by adding the --scan option.
