------------------------------------------------------------
Root project 'sample-javax-and-jakarta_build.sample'
------------------------------------------------------------

compileClasspath - Compile classpath for source set 'main'.
+--- org.apache.tomcat:tomcat-catalina:9.0.120
|    +--- org.apache.tomcat:tomcat-servlet-api:9.0.120
|    +--- org.apache.tomcat:tomcat-jsp-api:9.0.120
|    |    +--- org.apache.tomcat:tomcat-el-api:9.0.120
|    |    \--- org.apache.tomcat:tomcat-servlet-api:9.0.120
|    +--- org.apache.tomcat:tomcat-juli:9.0.120
|    +--- org.apache.tomcat:tomcat-annotations-api:9.0.120
|    +--- org.apache.tomcat:tomcat-api:9.0.120
|    |    \--- org.apache.tomcat:tomcat-servlet-api:9.0.120
|    +--- org.apache.tomcat:tomcat-jni:9.0.120
|    +--- org.apache.tomcat:tomcat-coyote:9.0.120
|    |    +--- org.apache.tomcat:tomcat-servlet-api:9.0.120
|    |    +--- org.apache.tomcat:tomcat-jni:9.0.120
|    |    +--- org.apache.tomcat:tomcat-juli:9.0.120
|    |    \--- org.apache.tomcat:tomcat-util:9.0.120
|    |         \--- org.apache.tomcat:tomcat-juli:9.0.120
|    +--- org.apache.tomcat:tomcat-util:9.0.120 (*)
|    +--- org.apache.tomcat:tomcat-util-scan:9.0.120
|    |    +--- org.apache.tomcat:tomcat-util:9.0.120 (*)
|    |    +--- org.apache.tomcat:tomcat-juli:9.0.120
|    |    \--- org.apache.tomcat:tomcat-api:9.0.120 (*)
|    \--- org.apache.tomcat:tomcat-jaspic-api:9.0.120
\--- io.undertow:undertow-servlet:2.3.26.Final
     +--- io.undertow:undertow-core:2.3.26.Final
     |    +--- org.jboss.logging:jboss-logging:3.4.3.Final -> 3.6.1.Final
     |    +--- org.jboss.xnio:xnio-api:3.8.16.Final
     |    |    +--- org.wildfly.common:wildfly-common:1.5.4.Final
     |    |    \--- org.wildfly.client:wildfly-client-config:1.0.1.Final
     |    |         \--- org.jboss.logging:jboss-logging:3.3.1.Final -> 3.6.1.Final
     |    \--- org.jboss.threads:jboss-threads:3.7.0.Final
     |         +--- org.jboss.logging:jboss-logging:3.6.1.Final
     |         +--- io.smallrye.common:smallrye-common-annotation:2.6.0
     |         +--- io.smallrye.common:smallrye-common-constraint:2.6.0
     |         |    \--- org.jboss.logging:jboss-logging:3.6.0.Final -> 3.6.1.Final
     |         +--- io.smallrye.common:smallrye-common-cpu:2.6.0
     |         \--- io.smallrye.common:smallrye-common-function:2.6.0
     |              +--- io.smallrye.common:smallrye-common-constraint:2.6.0 (*)
     |              \--- org.jboss.logging:jboss-logging:3.6.0.Final -> 3.6.1.Final
     +--- jakarta.servlet:jakarta.servlet-api:6.0.0
     \--- jakarta.annotation:jakarta.annotation-api:2.1.1